Building DAG of jobs...
Using shell: /bin/bash
Provided cores: 1
Rules claiming more threads will be scaled down.
Job counts:
	count	jobs
	1	all
	4	metagene_stop_ND6
	5

rule metagene_stop_ND6:
    input: data/mapping/T2_1.bam, data/mapping/T2_1.bai
    output: data/metagene/T2_1/T2_1_metagene_profile.txt, data/metagene/T2_1/T2_1_metagene_overview.png
    log: data/metagene/T2_1/metagene.log
    jobid: 4
    wildcards: output_dir=data, sample=T2_1

Finished job 4.
1 of 5 steps (20%) done

rule metagene_stop_ND6:
    input: data/mapping/WT_1.bam, data/mapping/WT_1.bai
    output: data/metagene/WT_1/WT_1_metagene_profile.txt, data/metagene/WT_1/WT_1_metagene_overview.png
    log: data/metagene/WT_1/metagene.log
    jobid: 8
    wildcards: output_dir=data, sample=WT_1

Finished job 8.
2 of 5 steps (40%) done

rule metagene_stop_ND6:
    input: data/mapping/T2_2.bam, data/mapping/T2_2.bai
    output: data/metagene/T2_2/T2_2_metagene_profile.txt, data/metagene/T2_2/T2_2_metagene_overview.png
    log: data/metagene/T2_2/metagene.log
    jobid: 5
    wildcards: output_dir=data, sample=T2_2

Finished job 5.
3 of 5 steps (60%) done

rule metagene_stop_ND6:
    input: data/mapping/WT_2.bam, data/mapping/WT_2.bai
    output: data/metagene/WT_2/WT_2_metagene_profile.txt, data/metagene/WT_2/WT_2_metagene_overview.png
    log: data/metagene/WT_2/metagene.log
    jobid: 1
    wildcards: output_dir=data, sample=WT_2

Finished job 1.
4 of 5 steps (80%) done

localrule all:
    input: data/metagene/T2_1/T2_1_metagene_overview.png, data/metagene/T2_2/T2_2_metagene_overview.png, data/metagene/WT_1/WT_1_metagene_overview.png, data/metagene/WT_2/WT_2_metagene_overview.png, data/metagene/T2_1/T2_1_metagene_profile.txt, data/metagene/T2_2/T2_2_metagene_profile.txt, data/metagene/WT_1/WT_1_metagene_profile.txt, data/metagene/WT_2/WT_2_metagene_profile.txt, data/phasing_analysis/T2_1/T2_1_phasing.png, data/phasing_analysis/T2_2/T2_2_phasing.png, data/phasing_analysis/WT_1/WT_1_phasing.png, data/phasing_analysis/WT_2/WT_2_phasing.png, data/phasing_analysis/T2_1/T2_1_phasing.txt, data/phasing_analysis/T2_2/T2_2_phasing.txt, data/phasing_analysis/WT_1/WT_1_phasing.txt, data/phasing_analysis/WT_2/WT_2_phasing.txt
    jobid: 0

Finished job 0.
5 of 5 steps (100%) done
Shutting down, this might take some time.
Complete log: /Users/hsinjung/Dropbox/Sophia_Mitochondria/MitoRiboSeq/.snakemake/log/2019-05-05T175449.714288.snakemake.log
