Building DAG of jobs...
Using shell: /bin/bash
Provided cores: 1
Rules claiming more threads will be scaled down.
Job counts:
	count	jobs
	1	all
	4	metagene_start_ND4
	4	metagene_stop_ND6
	9

rule metagene_stop_ND6:
    input: data/mapping/T2_1.bam, data/mapping/T2_1.bai
    output: data/metagene/T2_1/T2_1_ND6stop_metagene_profile.txt, data/metagene/T2_1/T2_1_ND6stop_metagene_overview.png
    log: data/metagene/T2_1/metagene.log
    jobid: 6
    wildcards: output_dir=data, sample=T2_1

Finished job 6.
1 of 9 steps (11%) done

rule metagene_start_ND4:
    input: data/mapping/T2_1.bam, data/mapping/T2_1.bai
    output: data/metagene/T2_1/T2_1_ND4start_metagene_profile.txt, data/metagene/T2_1/T2_1_ND4start_metagene_overview.png
    log: data/metagene/T2_1/metagene.log
    jobid: 8
    wildcards: output_dir=data, sample=T2_1

Finished job 8.
2 of 9 steps (22%) done

rule metagene_start_ND4:
    input: data/mapping/WT_1.bam, data/mapping/WT_1.bai
    output: data/metagene/WT_1/WT_1_ND4start_metagene_profile.txt, data/metagene/WT_1/WT_1_ND4start_metagene_overview.png
    log: data/metagene/WT_1/metagene.log
    jobid: 3
    wildcards: output_dir=data, sample=WT_1

Finished job 3.
3 of 9 steps (33%) done

rule metagene_stop_ND6:
    input: data/mapping/WT_1.bam, data/mapping/WT_1.bai
    output: data/metagene/WT_1/WT_1_ND6stop_metagene_profile.txt, data/metagene/WT_1/WT_1_ND6stop_metagene_overview.png
    log: data/metagene/WT_1/metagene.log
    jobid: 10
    wildcards: output_dir=data, sample=WT_1

Finished job 10.
4 of 9 steps (44%) done

rule metagene_start_ND4:
    input: data/mapping/T2_2.bam, data/mapping/T2_2.bai
    output: data/metagene/T2_2/T2_2_ND4start_metagene_profile.txt, data/metagene/T2_2/T2_2_ND4start_metagene_overview.png
    log: data/metagene/T2_2/metagene.log
    jobid: 12
    wildcards: output_dir=data, sample=T2_2

Finished job 12.
5 of 9 steps (56%) done

rule metagene_stop_ND6:
    input: data/mapping/T2_2.bam, data/mapping/T2_2.bai
    output: data/metagene/T2_2/T2_2_ND6stop_metagene_profile.txt, data/metagene/T2_2/T2_2_ND6stop_metagene_overview.png
    log: data/metagene/T2_2/metagene.log
    jobid: 7
    wildcards: output_dir=data, sample=T2_2

Finished job 7.
6 of 9 steps (67%) done

rule metagene_stop_ND6:
    input: data/mapping/WT_2.bam, data/mapping/WT_2.bai
    output: data/metagene/WT_2/WT_2_ND6stop_metagene_profile.txt, data/metagene/WT_2/WT_2_ND6stop_metagene_overview.png
    log: data/metagene/WT_2/metagene.log
    jobid: 2
    wildcards: output_dir=data, sample=WT_2

Finished job 2.
7 of 9 steps (78%) done

rule metagene_start_ND4:
    input: data/mapping/WT_2.bam, data/mapping/WT_2.bai
    output: data/metagene/WT_2/WT_2_ND4start_metagene_profile.txt, data/metagene/WT_2/WT_2_ND4start_metagene_overview.png
    log: data/metagene/WT_2/metagene.log
    jobid: 11
    wildcards: output_dir=data, sample=WT_2

Finished job 11.
8 of 9 steps (89%) done

localrule all:
    input: data/metagene/T2_1/T2_1_ND6stop_metagene_overview.png, data/metagene/T2_2/T2_2_ND6stop_metagene_overview.png, data/metagene/WT_1/WT_1_ND6stop_metagene_overview.png, data/metagene/WT_2/WT_2_ND6stop_metagene_overview.png, data/metagene/T2_1/T2_1_ND6stop_metagene_profile.txt, data/metagene/T2_2/T2_2_ND6stop_metagene_profile.txt, data/metagene/WT_1/WT_1_ND6stop_metagene_profile.txt, data/metagene/WT_2/WT_2_ND6stop_metagene_profile.txt, data/metagene/T2_1/T2_1_ND4start_metagene_overview.png, data/metagene/T2_2/T2_2_ND4start_metagene_overview.png, data/metagene/WT_1/WT_1_ND4start_metagene_overview.png, data/metagene/WT_2/WT_2_ND4start_metagene_overview.png, data/metagene/T2_1/T2_1_ND4start_metagene_profile.txt, data/metagene/T2_2/T2_2_ND4start_metagene_profile.txt, data/metagene/WT_1/WT_1_ND4start_metagene_profile.txt, data/metagene/WT_2/WT_2_ND4start_metagene_profile.txt, data/phasing_analysis/T2_1/T2_1_phasing.png, data/phasing_analysis/T2_2/T2_2_phasing.png, data/phasing_analysis/WT_1/WT_1_phasing.png, data/phasing_analysis/WT_2/WT_2_phasing.png, data/phasing_analysis/T2_1/T2_1_phasing.txt, data/phasing_analysis/T2_2/T2_2_phasing.txt, data/phasing_analysis/WT_1/WT_1_phasing.txt, data/phasing_analysis/WT_2/WT_2_phasing.txt
    jobid: 0

Finished job 0.
9 of 9 steps (100%) done
Shutting down, this might take some time.
Complete log: /Users/hsinjung/Dropbox/Sophia_Mitochondria/MitoRiboSeq/.snakemake/log/2019-05-11T183345.432526.snakemake.log
