Building DAG of jobs...
Using shell: /bin/bash
Provided cores: 1
Rules claiming more threads will be scaled down.
Job counts:
	count	jobs
	1	all
	4	codon_counts
	4	wiggle_specify_mapping
	9

rule codon_counts:
    input: genome/chrM.gff3, genome/chrM.fa, data/mapping/T2_1.bam, data/mapping/T2_1.bai
    output: data/codon_count/T2_1_codon_count.txt
    log: data/codon_count/T2_1_codon_count.log
    jobid: 2
    wildcards: output_dir=data, sample=T2_1

Finished job 2.
1 of 9 steps (11%) done

rule wiggle_specify_mapping:
    input: data/mapping/T2_1.bam, data/mapping/T2_1.bai
    output: data/wiggle/T2_1_threeprime_14_map_fw.wig, data/wiggle/T2_1_threeprime_14_map_rc.wig
    jobid: 6
    wildcards: output_dir=data, sample=T2_1, mapping_function=threeprime, offset=14

Finished job 6.
2 of 9 steps (22%) done

rule codon_counts:
    input: genome/chrM.gff3, genome/chrM.fa, data/mapping/WT_1.bam, data/mapping/WT_1.bai
    output: data/codon_count/WT_1_codon_count.txt
    log: data/codon_count/WT_1_codon_count.log
    jobid: 7
    wildcards: output_dir=data, sample=WT_1

Finished job 7.
3 of 9 steps (33%) done

rule wiggle_specify_mapping:
    input: data/mapping/WT_1.bam, data/mapping/WT_1.bai
    output: data/wiggle/WT_1_threeprime_14_map_fw.wig, data/wiggle/WT_1_threeprime_14_map_rc.wig
    jobid: 5
    wildcards: output_dir=data, sample=WT_1, mapping_function=threeprime, offset=14

Finished job 5.
4 of 9 steps (44%) done

rule codon_counts:
    input: genome/chrM.gff3, genome/chrM.fa, data/mapping/T2_2.bam, data/mapping/T2_2.bai
    output: data/codon_count/T2_2_codon_count.txt
    log: data/codon_count/T2_2_codon_count.log
    jobid: 8
    wildcards: output_dir=data, sample=T2_2

Finished job 8.
5 of 9 steps (56%) done

rule wiggle_specify_mapping:
    input: data/mapping/T2_2.bam, data/mapping/T2_2.bai
    output: data/wiggle/T2_2_threeprime_14_map_fw.wig, data/wiggle/T2_2_threeprime_14_map_rc.wig
    jobid: 3
    wildcards: output_dir=data, sample=T2_2, mapping_function=threeprime, offset=14

Finished job 3.
6 of 9 steps (67%) done

rule codon_counts:
    input: genome/chrM.gff3, genome/chrM.fa, data/mapping/WT_2.bam, data/mapping/WT_2.bai
    output: data/codon_count/WT_2_codon_count.txt
    log: data/codon_count/WT_2_codon_count.log
    jobid: 1
    wildcards: output_dir=data, sample=WT_2

Finished job 1.
7 of 9 steps (78%) done

rule wiggle_specify_mapping:
    input: data/mapping/WT_2.bam, data/mapping/WT_2.bai
    output: data/wiggle/WT_2_threeprime_14_map_fw.wig, data/wiggle/WT_2_threeprime_14_map_rc.wig
    jobid: 4
    wildcards: output_dir=data, sample=WT_2, mapping_function=threeprime, offset=14

Finished job 4.
8 of 9 steps (89%) done

localrule all:
    input: data/wiggle/T2_1_threeprime_14_map_fw.wig, data/wiggle/T2_2_threeprime_14_map_fw.wig, data/wiggle/WT_1_threeprime_14_map_fw.wig, data/wiggle/WT_2_threeprime_14_map_fw.wig, data/wiggle/T2_1_threeprime_14_map_rc.wig, data/wiggle/T2_2_threeprime_14_map_rc.wig, data/wiggle/WT_1_threeprime_14_map_rc.wig, data/wiggle/WT_2_threeprime_14_map_rc.wig, data/codon_count/T2_1_codon_count.txt, data/codon_count/T2_2_codon_count.txt, data/codon_count/WT_1_codon_count.txt, data/codon_count/WT_2_codon_count.txt
    jobid: 0

Finished job 0.
9 of 9 steps (100%) done
Shutting down, this might take some time.
Complete log: /Users/hsinjung/Dropbox/Sophia_Mitochondria/MitoRiboSeq/.snakemake/log/2019-05-05T224609.557849.snakemake.log
