Building DAG of jobs...
Using shell: /bin/bash
Provided cores: 1
Rules claiming more threads will be scaled down.
Job counts:
	count	jobs
	1	all
	4	index_bam
	4	metagene_stop_ND6
	4	phasing_analysis
	13

rule index_bam:
    input: data/mapping/T2_1.bam
    output: data/mapping/T2_1.bai
    jobid: 10
    wildcards: file=data/mapping/T2_1

Finished job 10.
1 of 13 steps (8%) done

rule index_bam:
    input: data/mapping/WT_1.bam
    output: data/mapping/WT_1.bai
    jobid: 11
    wildcards: file=data/mapping/WT_1

Finished job 11.
2 of 13 steps (15%) done

rule index_bam:
    input: data/mapping/T2_2.bam
    output: data/mapping/T2_2.bai
    jobid: 12
    wildcards: file=data/mapping/T2_2

Finished job 12.
3 of 13 steps (23%) done

rule index_bam:
    input: data/mapping/WT_2.bam
    output: data/mapping/WT_2.bai
    jobid: 9
    wildcards: file=data/mapping/WT_2

Finished job 9.
4 of 13 steps (31%) done

rule phasing_analysis:
    input: data/mapping/T2_1.bam, genome/chrM.gff3
    output: data/phasing_analysis/T2_1/T2_1_phasing.txt, data/phasing_analysis/T2_1/T2_1_phasing.png
    jobid: 4
    wildcards: output_dir=data, sample=T2_1

Finished job 4.
5 of 13 steps (38%) done

rule metagene_stop_ND6:
    input: data/mapping/T2_1.bam, data/mapping/T2_1.bai
    output: data/metagene/T2_1/T2_1_metagene_profile.txt, data/metagene/T2_1/T2_1_metagene_overview.png
    log: data/metagene/T2_1/metagene.log
    jobid: 2
    wildcards: output_dir=data, sample=T2_1

Finished job 2.
6 of 13 steps (46%) done

rule phasing_analysis:
    input: data/mapping/WT_1.bam, genome/chrM.gff3
    output: data/phasing_analysis/WT_1/WT_1_phasing.txt, data/phasing_analysis/WT_1/WT_1_phasing.png
    jobid: 6
    wildcards: output_dir=data, sample=WT_1

Finished job 6.
7 of 13 steps (54%) done

rule metagene_stop_ND6:
    input: data/mapping/WT_1.bam, data/mapping/WT_1.bai
    output: data/metagene/WT_1/WT_1_metagene_profile.txt, data/metagene/WT_1/WT_1_metagene_overview.png
    log: data/metagene/WT_1/metagene.log
    jobid: 7
    wildcards: output_dir=data, sample=WT_1

Finished job 7.
8 of 13 steps (62%) done

rule phasing_analysis:
    input: data/mapping/T2_2.bam, genome/chrM.gff3
    output: data/phasing_analysis/T2_2/T2_2_phasing.txt, data/phasing_analysis/T2_2/T2_2_phasing.png
    jobid: 5
    wildcards: output_dir=data, sample=T2_2

Finished job 5.
9 of 13 steps (69%) done

rule metagene_stop_ND6:
    input: data/mapping/T2_2.bam, data/mapping/T2_2.bai
    output: data/metagene/T2_2/T2_2_metagene_profile.txt, data/metagene/T2_2/T2_2_metagene_overview.png
    log: data/metagene/T2_2/metagene.log
    jobid: 8
    wildcards: output_dir=data, sample=T2_2

Finished job 8.
10 of 13 steps (77%) done

rule phasing_analysis:
    input: data/mapping/WT_2.bam, genome/chrM.gff3
    output: data/phasing_analysis/WT_2/WT_2_phasing.txt, data/phasing_analysis/WT_2/WT_2_phasing.png
    jobid: 3
    wildcards: output_dir=data, sample=WT_2

Finished job 3.
11 of 13 steps (85%) done

rule metagene_stop_ND6:
    input: data/mapping/WT_2.bam, data/mapping/WT_2.bai
    output: data/metagene/WT_2/WT_2_metagene_profile.txt, data/metagene/WT_2/WT_2_metagene_overview.png
    log: data/metagene/WT_2/metagene.log
    jobid: 1
    wildcards: output_dir=data, sample=WT_2

Finished job 1.
12 of 13 steps (92%) done

localrule all:
    input: data/metagene/T2_1/T2_1_metagene_overview.png, data/metagene/T2_2/T2_2_metagene_overview.png, data/metagene/WT_1/WT_1_metagene_overview.png, data/metagene/WT_2/WT_2_metagene_overview.png, data/metagene/T2_1/T2_1_metagene_profile.txt, data/metagene/T2_2/T2_2_metagene_profile.txt, data/metagene/WT_1/WT_1_metagene_profile.txt, data/metagene/WT_2/WT_2_metagene_profile.txt, data/phasing_analysis/T2_1/T2_1_phasing.png, data/phasing_analysis/T2_2/T2_2_phasing.png, data/phasing_analysis/WT_1/WT_1_phasing.png, data/phasing_analysis/WT_2/WT_2_phasing.png, data/phasing_analysis/T2_1/T2_1_phasing.txt, data/phasing_analysis/T2_2/T2_2_phasing.txt, data/phasing_analysis/WT_1/WT_1_phasing.txt, data/phasing_analysis/WT_2/WT_2_phasing.txt
    jobid: 0

Finished job 0.
13 of 13 steps (100%) done
Shutting down, this might take some time.
Complete log: /Users/hsinjung/Dropbox/Sophia_Mitochondria/MitoRiboSeq/.snakemake/log/2019-05-05T005155.429185.snakemake.log
